<?xml version="1.0" encoding="UTF-8"?>
<!-- Generated by org.testng.reporters.JUnitXMLReporter -->
<testsuite ignored="0" hostname="DESKTOP-AVIS8DF" failures="0" tests="39" name="Default test" time="3785.68" errors="0" timestamp="2022-12-27T11:08:25 IST">
  <testcase classname="texvalley_testcases.Screenshot_test" name="beforeTestMethod" time="98.36"/>
  <testcase classname="texvalley_testcases.Screenshot_test" name="beforeTestMethod" time="85.979"/>
  <testcase classname="texvalley_testcases.Screenshot_test" name="beforeTestMethod" time="85.326"/>
  <testcase classname="texvalley_testcases.Screenshot_test" name="beforeTestMethod" time="94.876"/>
  <testcase classname="texvalley_testcases.Screenshot_test" name="beforeTestMethod" time="82.957"/>
  <testcase classname="texvalley_testcases.Screenshot_test" name="beforeTestMethod" time="88.063"/>
  <testcase classname="texvalley_testcases.Screenshot_test" name="beforeTestMethod" time="86.69"/>
  <testcase classname="texvalley_testcases.Screenshot_test" name="beforeTestMethod" time="88.281"/>
  <testcase classname="texvalley_testcases.Screenshot_test" name="beforeTestMethod" time="89.047"/>
  <testcase classname="texvalley_testcases.Screenshot_test" name="beforeTestMethod" time="88.674"/>
  <testcase classname="texvalley_testcases.Screenshot_test" name="beforeTestMethod" time="92.172"/>
  <testcase classname="texvalley_testcases.Screenshot_test" name="beforeTestMethod" time="87.993"/>
  <testcase classname="texvalley_testcases.Screenshot_test" name="beforeTestMethod" time="87.055"/>
  <testcase classname="texvalley_testcases.Screenshot_test" name="beforeTestMethod" time="88.013"/>
  <testcase classname="texvalley_testcases.Screenshot_test" name="beforeTestMethod" time="90.519"/>
  <testcase classname="texvalley_testcases.Screenshot_test" name="beforeTestMethod" time="90.536"/>
  <testcase classname="texvalley_testcases.Screenshot_test" name="beforeTestMethod" time="90.664"/>
  <testcase classname="texvalley_testcases.Screenshot_test" name="beforeTestMethod" time="91.422"/>
  <testcase classname="texvalley_testcases.Screenshot_test" name="beforeTestMethod" time="91.456"/>
  <testcase classname="texvalley_testcases.Screenshot_test" name="beforeTestMethod" time="95.65"/>
  <testcase classname="texvalley_testcases.Screenshot_test" name="beforeTestMethod" time="98.441"/>
  <testcase classname="texvalley_testcases.Screenshot_test" name="beforeTestMethod" time="101.474"/>
  <testcase classname="texvalley_testcases.Screenshot_test" name="beforeTestMethod" time="103.92"/>
  <testcase classname="texvalley_testcases.Screenshot_test" name="beforeTestMethod" time="100.046"/>
  <testcase classname="texvalley_testcases.Screenshot_test" name="beforeTestMethod" time="98.088"/>
  <testcase classname="texvalley_testcases.Screenshot_test" name="beforeTestMethod" time="103.191"/>
  <testcase classname="texvalley_testcases.Screenshot_test" name="beforeTestMethod" time="102.27"/>
  <testcase classname="texvalley_testcases.Screenshot_test" name="beforeTestMethod" time="100.644"/>
  <testcase classname="texvalley_testcases.Screenshot_test" name="beforeTestMethod" time="107.543"/>
  <testcase classname="texvalley_testcases.Screenshot_test" name="beforeTestMethod" time="104.214"/>
  <testcase classname="texvalley_testcases.Screenshot_test" name="beforeTestMethod" time="113.556"/>
  <testcase classname="texvalley_testcases.Screenshot_test" name="beforeTestMethod" time="99.021"/>
  <testcase classname="texvalley_testcases.Screenshot_test" name="beforeTestMethod" time="101.137"/>
  <testcase classname="texvalley_testcases.Screenshot_test" name="beforeTestMethod" time="103.973"/>
  <testcase classname="texvalley_testcases.Screenshot_test" name="beforeTestMethod" time="106.755"/>
  <testcase classname="texvalley_testcases.Screenshot_test" name="beforeTestMethod" time="110.775"/>
  <testcase classname="texvalley_testcases.Screenshot_test" name="beforeTestMethod" time="114.87"/>
  <testcase classname="texvalley_testcases.Screenshot_test" name="beforeTestMethod" time="113.398"/>
  <testcase classname="texvalley_testcases.Screenshot_test" name="beforeTestMethod" time="108.144"/>
</testsuite> <!-- Default test -->
