<?xml version="1.0" encoding="UTF-8"?>
<!-- Generated by org.testng.reporters.JUnitXMLReporter -->
<testsuite ignored="0" hostname="DESKTOP-AVIS8DF" failures="0" tests="6" name="Test" time="388.051" errors="0" timestamp="2022-12-20T17:54:44 IST">
  <testcase classname="texvalley_testcases.Texvalley_base_scrolling" name="Basic_scrolling_test" time="124.139"/>
  <testcase classname="texvalley_testcases.Texvalley_Register_module" name="Texvalley_Register_module_test" time="133.149"/>
  <testcase classname="texvalley_testcases.Texvalley_visitor_module" name="Texvalley_visitor_module_test" time="16.948"/>
  <testcase classname="texvalley_testcases.Texvalley_Buyer_module" name="Texvalley_Buyer_module_test" time="63.523"/>
  <testcase classname="texvalley_testcases.Texvalley_Exhibitor_module" name="Texvalley_Exhibitor_module_test" time="28.835"/>
  <testcase classname="texvalley_testcases.Texvalley_Awards_Nomination_module" name="Texvalley_Awards_Nomination_module_test" time="21.375"/>
</testsuite> <!-- Test -->
