<?xml version="1.0" encoding="UTF-8"?>
<testng-results ignored="0" total="39" passed="39" failed="0" skipped="0">
  <reporter-output>
  </reporter-output>
  <suite started-at="2022-12-27T10:05:19 IST" name="Default suite" finished-at="2022-12-27T11:08:25 IST" duration-ms="3785680">
    <groups>
    </groups>
    <test started-at="2022-12-27T10:05:19 IST" name="Default test" finished-at="2022-12-27T11:08:25 IST" duration-ms="3785680">
      <class name="texvalley_testcases.Screenshot_test">
        <test-method signature="beforeTestMethod(int,int,int,java.lang.String)[pri:0, instance:texvalley_testcases.Screenshot_test@29e495ff]" started-at="2022-12-27T10:05:19 IST" name="beforeTestMethod" data-provider="mobileEmulation" finished-at="2022-12-27T10:06:58 IST" duration-ms="98360" status="PASS">
          <params>
            <param index="0">
              <value>
                <![CDATA[320]]>
              </value>
            </param>
            <param index="1">
              <value>
                <![CDATA[480]]>
              </value>
            </param>
            <param index="2">
              <value>
                <![CDATA[40]]>
              </value>
            </param>
            <param index="3">
              <value>
                <![CDATA[Iphone 4]]>
              </value>
            </param>
          </params>
          <reporter-output>
          </reporter-output>
        </test-method> <!-- beforeTestMethod -->
        <test-method signature="beforeTestMethod(int,int,int,java.lang.String)[pri:0, instance:texvalley_testcases.Screenshot_test@29e495ff]" started-at="2022-12-27T10:06:58 IST" name="beforeTestMethod" data-provider="mobileEmulation" finished-at="2022-12-27T10:08:24 IST" duration-ms="85979" status="PASS">
          <params>
            <param index="0">
              <value>
                <![CDATA[414]]>
              </value>
            </param>
            <param index="1">
              <value>
                <![CDATA[896]]>
              </value>
            </param>
            <param index="2">
              <value>
                <![CDATA[50]]>
              </value>
            </param>
            <param index="3">
              <value>
                <![CDATA[Iphone XR]]>
              </value>
            </param>
          </params>
          <reporter-output>
          </reporter-output>
        </test-method> <!-- beforeTestMethod -->
        <test-method signature="beforeTestMethod(int,int,int,java.lang.String)[pri:0, instance:texvalley_testcases.Screenshot_test@29e495ff]" started-at="2022-12-27T10:08:24 IST" name="beforeTestMethod" data-provider="mobileEmulation" finished-at="2022-12-27T10:09:49 IST" duration-ms="85326" status="PASS">
          <params>
            <param index="0">
              <value>
                <![CDATA[390]]>
              </value>
            </param>
            <param index="1">
              <value>
                <![CDATA[844]]>
              </value>
            </param>
            <param index="2">
              <value>
                <![CDATA[50]]>
              </value>
            </param>
            <param index="3">
              <value>
                <![CDATA[Iphone 12 pro]]>
              </value>
            </param>
          </params>
          <reporter-output>
          </reporter-output>
        </test-method> <!-- beforeTestMethod -->
        <test-method signature="beforeTestMethod(int,int,int,java.lang.String)[pri:0, instance:texvalley_testcases.Screenshot_test@29e495ff]" started-at="2022-12-27T10:09:49 IST" name="beforeTestMethod" data-provider="mobileEmulation" finished-at="2022-12-27T10:11:24 IST" duration-ms="94876" status="PASS">
          <params>
            <param index="0">
              <value>
                <![CDATA[820]]>
              </value>
            </param>
            <param index="1">
              <value>
                <![CDATA[1180]]>
              </value>
            </param>
            <param index="2">
              <value>
                <![CDATA[40]]>
              </value>
            </param>
            <param index="3">
              <value>
                <![CDATA[Ipad Air]]>
              </value>
            </param>
          </params>
          <reporter-output>
          </reporter-output>
        </test-method> <!-- beforeTestMethod -->
        <test-method signature="beforeTestMethod(int,int,int,java.lang.String)[pri:0, instance:texvalley_testcases.Screenshot_test@29e495ff]" started-at="2022-12-27T10:11:24 IST" name="beforeTestMethod" data-provider="mobileEmulation" finished-at="2022-12-27T10:12:47 IST" duration-ms="82957" status="PASS">
          <params>
            <param index="0">
              <value>
                <![CDATA[320]]>
              </value>
            </param>
            <param index="1">
              <value>
                <![CDATA[568]]>
              </value>
            </param>
            <param index="2">
              <value>
                <![CDATA[75]]>
              </value>
            </param>
            <param index="3">
              <value>
                <![CDATA[Iphone 5]]>
              </value>
            </param>
          </params>
          <reporter-output>
          </reporter-output>
        </test-method> <!-- beforeTestMethod -->
        <test-method signature="beforeTestMethod(int,int,int,java.lang.String)[pri:0, instance:texvalley_testcases.Screenshot_test@29e495ff]" started-at="2022-12-27T10:12:47 IST" name="beforeTestMethod" data-provider="mobileEmulation" finished-at="2022-12-27T10:14:15 IST" duration-ms="88063" status="PASS">
          <params>
            <param index="0">
              <value>
                <![CDATA[375]]>
              </value>
            </param>
            <param index="1">
              <value>
                <![CDATA[812]]>
              </value>
            </param>
            <param index="2">
              <value>
                <![CDATA[64]]>
              </value>
            </param>
            <param index="3">
              <value>
                <![CDATA[Iphone X]]>
              </value>
            </param>
          </params>
          <reporter-output>
          </reporter-output>
        </test-method> <!-- beforeTestMethod -->
        <test-method signature="beforeTestMethod(int,int,int,java.lang.String)[pri:0, instance:texvalley_testcases.Screenshot_test@29e495ff]" started-at="2022-12-27T10:14:15 IST" name="beforeTestMethod" data-provider="mobileEmulation" finished-at="2022-12-27T10:15:41 IST" duration-ms="86690" status="PASS">
          <params>
            <param index="0">
              <value>
                <![CDATA[768]]>
              </value>
            </param>
            <param index="1">
              <value>
                <![CDATA[1024]]>
              </value>
            </param>
            <param index="2">
              <value>
                <![CDATA[50]]>
              </value>
            </param>
            <param index="3">
              <value>
                <![CDATA[Ipad]]>
              </value>
            </param>
          </params>
          <reporter-output>
          </reporter-output>
        </test-method> <!-- beforeTestMethod -->
        <test-method signature="beforeTestMethod(int,int,int,java.lang.String)[pri:0, instance:texvalley_testcases.Screenshot_test@29e495ff]" started-at="2022-12-27T10:15:41 IST" name="beforeTestMethod" data-provider="mobileEmulation" finished-at="2022-12-27T10:17:10 IST" duration-ms="88281" status="PASS">
          <params>
            <param index="0">
              <value>
                <![CDATA[375]]>
              </value>
            </param>
            <param index="1">
              <value>
                <![CDATA[667]]>
              </value>
            </param>
            <param index="2">
              <value>
                <![CDATA[78]]>
              </value>
            </param>
            <param index="3">
              <value>
                <![CDATA[Iphone_6_7_8_]]>
              </value>
            </param>
          </params>
          <reporter-output>
          </reporter-output>
        </test-method> <!-- beforeTestMethod -->
        <test-method signature="beforeTestMethod(int,int,int,java.lang.String)[pri:0, instance:texvalley_testcases.Screenshot_test@29e495ff]" started-at="2022-12-27T10:17:10 IST" name="beforeTestMethod" data-provider="mobileEmulation" finished-at="2022-12-27T10:18:39 IST" duration-ms="89047" status="PASS">
          <params>
            <param index="0">
              <value>
                <![CDATA[414]]>
              </value>
            </param>
            <param index="1">
              <value>
                <![CDATA[736]]>
              </value>
            </param>
            <param index="2">
              <value>
                <![CDATA[50]]>
              </value>
            </param>
            <param index="3">
              <value>
                <![CDATA[Iphone_6_7_8_Plus]]>
              </value>
            </param>
          </params>
          <reporter-output>
          </reporter-output>
        </test-method> <!-- beforeTestMethod -->
        <test-method signature="beforeTestMethod(int,int,int,java.lang.String)[pri:0, instance:texvalley_testcases.Screenshot_test@29e495ff]" started-at="2022-12-27T10:18:39 IST" name="beforeTestMethod" data-provider="mobileEmulation" finished-at="2022-12-27T10:20:07 IST" duration-ms="88674" status="PASS">
          <params>
            <param index="0">
              <value>
                <![CDATA[768]]>
              </value>
            </param>
            <param index="1">
              <value>
                <![CDATA[1024]]>
              </value>
            </param>
            <param index="2">
              <value>
                <![CDATA[50]]>
              </value>
            </param>
            <param index="3">
              <value>
                <![CDATA[Ipad Mini]]>
              </value>
            </param>
          </params>
          <reporter-output>
          </reporter-output>
        </test-method> <!-- beforeTestMethod -->
        <test-method signature="beforeTestMethod(int,int,int,java.lang.String)[pri:0, instance:texvalley_testcases.Screenshot_test@29e495ff]" started-at="2022-12-27T10:20:07 IST" name="beforeTestMethod" data-provider="mobileEmulation" finished-at="2022-12-27T10:21:40 IST" duration-ms="92172" status="PASS">
          <params>
            <param index="0">
              <value>
                <![CDATA[1024]]>
              </value>
            </param>
            <param index="1">
              <value>
                <![CDATA[1366]]>
              </value>
            </param>
            <param index="2">
              <value>
                <![CDATA[38]]>
              </value>
            </param>
            <param index="3">
              <value>
                <![CDATA[Ipad Pro]]>
              </value>
            </param>
          </params>
          <reporter-output>
          </reporter-output>
        </test-method> <!-- beforeTestMethod -->
        <test-method signature="beforeTestMethod(int,int,int,java.lang.String)[pri:0, instance:texvalley_testcases.Screenshot_test@29e495ff]" started-at="2022-12-27T10:21:40 IST" name="beforeTestMethod" data-provider="mobileEmulation" finished-at="2022-12-27T10:23:08 IST" duration-ms="87993" status="PASS">
          <params>
            <param index="0">
              <value>
                <![CDATA[375]]>
              </value>
            </param>
            <param index="1">
              <value>
                <![CDATA[667]]>
              </value>
            </param>
            <param index="2">
              <value>
                <![CDATA[78]]>
              </value>
            </param>
            <param index="3">
              <value>
                <![CDATA[Iphone SE]]>
              </value>
            </param>
          </params>
          <reporter-output>
          </reporter-output>
        </test-method> <!-- beforeTestMethod -->
        <test-method signature="beforeTestMethod(int,int,int,java.lang.String)[pri:0, instance:texvalley_testcases.Screenshot_test@29e495ff]" started-at="2022-12-27T10:23:08 IST" name="beforeTestMethod" data-provider="mobileEmulation" finished-at="2022-12-27T10:24:35 IST" duration-ms="87055" status="PASS">
          <params>
            <param index="0">
              <value>
                <![CDATA[360]]>
              </value>
            </param>
            <param index="1">
              <value>
                <![CDATA[640]]>
              </value>
            </param>
            <param index="2">
              <value>
                <![CDATA[80]]>
              </value>
            </param>
            <param index="3">
              <value>
                <![CDATA[(360x640)]]>
              </value>
            </param>
          </params>
          <reporter-output>
          </reporter-output>
        </test-method> <!-- beforeTestMethod -->
        <test-method signature="beforeTestMethod(int,int,int,java.lang.String)[pri:0, instance:texvalley_testcases.Screenshot_test@29e495ff]" started-at="2022-12-27T10:24:35 IST" name="beforeTestMethod" data-provider="mobileEmulation" finished-at="2022-12-27T10:26:03 IST" duration-ms="88013" status="PASS">
          <params>
            <param index="0">
              <value>
                <![CDATA[360]]>
              </value>
            </param>
            <param index="1">
              <value>
                <![CDATA[740]]>
              </value>
            </param>
            <param index="2">
              <value>
                <![CDATA[70]]>
              </value>
            </param>
            <param index="3">
              <value>
                <![CDATA[(360x740)]]>
              </value>
            </param>
          </params>
          <reporter-output>
          </reporter-output>
        </test-method> <!-- beforeTestMethod -->
        <test-method signature="beforeTestMethod(int,int,int,java.lang.String)[pri:0, instance:texvalley_testcases.Screenshot_test@29e495ff]" started-at="2022-12-27T10:26:03 IST" name="beforeTestMethod" data-provider="mobileEmulation" finished-at="2022-12-27T10:27:33 IST" duration-ms="90519" status="PASS">
          <params>
            <param index="0">
              <value>
                <![CDATA[320]]>
              </value>
            </param>
            <param index="1">
              <value>
                <![CDATA[658]]>
              </value>
            </param>
            <param index="2">
              <value>
                <![CDATA[79]]>
              </value>
            </param>
            <param index="3">
              <value>
                <![CDATA[Galaxy S9 Plus]]>
              </value>
            </param>
          </params>
          <reporter-output>
          </reporter-output>
        </test-method> <!-- beforeTestMethod -->
        <test-method signature="beforeTestMethod(int,int,int,java.lang.String)[pri:0, instance:texvalley_testcases.Screenshot_test@29e495ff]" started-at="2022-12-27T10:27:33 IST" name="beforeTestMethod" data-provider="mobileEmulation" finished-at="2022-12-27T10:29:04 IST" duration-ms="90536" status="PASS">
          <params>
            <param index="0">
              <value>
                <![CDATA[712]]>
              </value>
            </param>
            <param index="1">
              <value>
                <![CDATA[1138]]>
              </value>
            </param>
            <param index="2">
              <value>
                <![CDATA[45]]>
              </value>
            </param>
            <param index="3">
              <value>
                <![CDATA[Galaxy Tab S4]]>
              </value>
            </param>
          </params>
          <reporter-output>
          </reporter-output>
        </test-method> <!-- beforeTestMethod -->
        <test-method signature="beforeTestMethod(int,int,int,java.lang.String)[pri:0, instance:texvalley_testcases.Screenshot_test@29e495ff]" started-at="2022-12-27T10:29:04 IST" name="beforeTestMethod" data-provider="mobileEmulation" finished-at="2022-12-27T10:30:34 IST" duration-ms="90664" status="PASS">
          <params>
            <param index="0">
              <value>
                <![CDATA[412]]>
              </value>
            </param>
            <param index="1">
              <value>
                <![CDATA[915]]>
              </value>
            </param>
            <param index="2">
              <value>
                <![CDATA[57]]>
              </value>
            </param>
            <param index="3">
              <value>
                <![CDATA[Galaxy S20 Ultra]]>
              </value>
            </param>
          </params>
          <reporter-output>
          </reporter-output>
        </test-method> <!-- beforeTestMethod -->
        <test-method signature="beforeTestMethod(int,int,int,java.lang.String)[pri:0, instance:texvalley_testcases.Screenshot_test@29e495ff]" started-at="2022-12-27T10:30:34 IST" name="beforeTestMethod" data-provider="mobileEmulation" finished-at="2022-12-27T10:32:06 IST" duration-ms="91422" status="PASS">
          <params>
            <param index="0">
              <value>
                <![CDATA[280]]>
              </value>
            </param>
            <param index="1">
              <value>
                <![CDATA[653]]>
              </value>
            </param>
            <param index="2">
              <value>
                <![CDATA[79]]>
              </value>
            </param>
            <param index="3">
              <value>
                <![CDATA[Galaxy Fold]]>
              </value>
            </param>
          </params>
          <reporter-output>
          </reporter-output>
        </test-method> <!-- beforeTestMethod -->
        <test-method signature="beforeTestMethod(int,int,int,java.lang.String)[pri:0, instance:texvalley_testcases.Screenshot_test@29e495ff]" started-at="2022-12-27T10:32:06 IST" name="beforeTestMethod" data-provider="mobileEmulation" finished-at="2022-12-27T10:33:37 IST" duration-ms="91456" status="PASS">
          <params>
            <param index="0">
              <value>
                <![CDATA[412]]>
              </value>
            </param>
            <param index="1">
              <value>
                <![CDATA[914]]>
              </value>
            </param>
            <param index="2">
              <value>
                <![CDATA[50]]>
              </value>
            </param>
            <param index="3">
              <value>
                <![CDATA[Galaxy A51 & A71]]>
              </value>
            </param>
          </params>
          <reporter-output>
          </reporter-output>
        </test-method> <!-- beforeTestMethod -->
        <test-method signature="beforeTestMethod(int,int,int,java.lang.String)[pri:0, instance:texvalley_testcases.Screenshot_test@29e495ff]" started-at="2022-12-27T10:33:37 IST" name="beforeTestMethod" data-provider="mobileEmulation" finished-at="2022-12-27T10:35:13 IST" duration-ms="95650" status="PASS">
          <params>
            <param index="0">
              <value>
                <![CDATA[240]]>
              </value>
            </param>
            <param index="1">
              <value>
                <![CDATA[320]]>
              </value>
            </param>
            <param index="2">
              <value>
                <![CDATA[100]]>
              </value>
            </param>
            <param index="3">
              <value>
                <![CDATA[JioPhone]]>
              </value>
            </param>
          </params>
          <reporter-output>
          </reporter-output>
        </test-method> <!-- beforeTestMethod -->
        <test-method signature="beforeTestMethod(int,int,int,java.lang.String)[pri:0, instance:texvalley_testcases.Screenshot_test@29e495ff]" started-at="2022-12-27T10:35:13 IST" name="beforeTestMethod" data-provider="mobileEmulation" finished-at="2022-12-27T10:36:51 IST" duration-ms="98441" status="PASS">
          <params>
            <param index="0">
              <value>
                <![CDATA[600]]>
              </value>
            </param>
            <param index="1">
              <value>
                <![CDATA[1024]]>
              </value>
            </param>
            <param index="2">
              <value>
                <![CDATA[50]]>
              </value>
            </param>
            <param index="3">
              <value>
                <![CDATA[Blackberry Playbook]]>
              </value>
            </param>
          </params>
          <reporter-output>
          </reporter-output>
        </test-method> <!-- beforeTestMethod -->
        <test-method signature="beforeTestMethod(int,int,int,java.lang.String)[pri:0, instance:texvalley_testcases.Screenshot_test@29e495ff]" started-at="2022-12-27T10:36:51 IST" name="beforeTestMethod" data-provider="mobileEmulation" finished-at="2022-12-27T10:38:33 IST" duration-ms="101474" status="PASS">
          <params>
            <param index="0">
              <value>
                <![CDATA[800]]>
              </value>
            </param>
            <param index="1">
              <value>
                <![CDATA[1280]]>
              </value>
            </param>
            <param index="2">
              <value>
                <![CDATA[40]]>
              </value>
            </param>
            <param index="3">
              <value>
                <![CDATA[Kindle Fire HDX]]>
              </value>
            </param>
          </params>
          <reporter-output>
          </reporter-output>
        </test-method> <!-- beforeTestMethod -->
        <test-method signature="beforeTestMethod(int,int,int,java.lang.String)[pri:0, instance:texvalley_testcases.Screenshot_test@29e495ff]" started-at="2022-12-27T10:38:33 IST" name="beforeTestMethod" data-provider="mobileEmulation" finished-at="2022-12-27T10:40:17 IST" duration-ms="103920" status="PASS">
          <params>
            <param index="0">
              <value>
                <![CDATA[384]]>
              </value>
            </param>
            <param index="1">
              <value>
                <![CDATA[640]]>
              </value>
            </param>
            <param index="2">
              <value>
                <![CDATA[75]]>
              </value>
            </param>
            <param index="3">
              <value>
                <![CDATA[LG Optimus L70]]>
              </value>
            </param>
          </params>
          <reporter-output>
          </reporter-output>
        </test-method> <!-- beforeTestMethod -->
        <test-method signature="beforeTestMethod(int,int,int,java.lang.String)[pri:0, instance:texvalley_testcases.Screenshot_test@29e495ff]" started-at="2022-12-27T10:40:17 IST" name="beforeTestMethod" data-provider="mobileEmulation" finished-at="2022-12-27T10:41:57 IST" duration-ms="100046" status="PASS">
          <params>
            <param index="0">
              <value>
                <![CDATA[640]]>
              </value>
            </param>
            <param index="1">
              <value>
                <![CDATA[360]]>
              </value>
            </param>
            <param index="2">
              <value>
                <![CDATA[100]]>
              </value>
            </param>
            <param index="3">
              <value>
                <![CDATA[Microsoft Lumia 550]]>
              </value>
            </param>
          </params>
          <reporter-output>
          </reporter-output>
        </test-method> <!-- beforeTestMethod -->
        <test-method signature="beforeTestMethod(int,int,int,java.lang.String)[pri:0, instance:texvalley_testcases.Screenshot_test@29e495ff]" started-at="2022-12-27T10:41:57 IST" name="beforeTestMethod" data-provider="mobileEmulation" finished-at="2022-12-27T10:43:35 IST" duration-ms="98088" status="PASS">
          <params>
            <param index="0">
              <value>
                <![CDATA[800]]>
              </value>
            </param>
            <param index="1">
              <value>
                <![CDATA[1280]]>
              </value>
            </param>
            <param index="2">
              <value>
                <![CDATA[40]]>
              </value>
            </param>
            <param index="3">
              <value>
                <![CDATA[Nexus 10]]>
              </value>
            </param>
          </params>
          <reporter-output>
          </reporter-output>
        </test-method> <!-- beforeTestMethod -->
        <test-method signature="beforeTestMethod(int,int,int,java.lang.String)[pri:0, instance:texvalley_testcases.Screenshot_test@29e495ff]" started-at="2022-12-27T10:43:35 IST" name="beforeTestMethod" data-provider="mobileEmulation" finished-at="2022-12-27T10:45:18 IST" duration-ms="103191" status="PASS">
          <params>
            <param index="0">
              <value>
                <![CDATA[384]]>
              </value>
            </param>
            <param index="1">
              <value>
                <![CDATA[640]]>
              </value>
            </param>
            <param index="2">
              <value>
                <![CDATA[75]]>
              </value>
            </param>
            <param index="3">
              <value>
                <![CDATA[Nexus 4]]>
              </value>
            </param>
          </params>
          <reporter-output>
          </reporter-output>
        </test-method> <!-- beforeTestMethod -->
        <test-method signature="beforeTestMethod(int,int,int,java.lang.String)[pri:0, instance:texvalley_testcases.Screenshot_test@29e495ff]" started-at="2022-12-27T10:45:18 IST" name="beforeTestMethod" data-provider="mobileEmulation" finished-at="2022-12-27T10:47:00 IST" duration-ms="102270" status="PASS">
          <params>
            <param index="0">
              <value>
                <![CDATA[412]]>
              </value>
            </param>
            <param index="1">
              <value>
                <![CDATA[732]]>
              </value>
            </param>
            <param index="2">
              <value>
                <![CDATA[50]]>
              </value>
            </param>
            <param index="3">
              <value>
                <![CDATA[(412x732)]]>
              </value>
            </param>
          </params>
          <reporter-output>
          </reporter-output>
        </test-method> <!-- beforeTestMethod -->
        <test-method signature="beforeTestMethod(int,int,int,java.lang.String)[pri:0, instance:texvalley_testcases.Screenshot_test@29e495ff]" started-at="2022-12-27T10:47:00 IST" name="beforeTestMethod" data-provider="mobileEmulation" finished-at="2022-12-27T10:48:41 IST" duration-ms="100644" status="PASS">
          <params>
            <param index="0">
              <value>
                <![CDATA[600]]>
              </value>
            </param>
            <param index="1">
              <value>
                <![CDATA[960]]>
              </value>
            </param>
            <param index="2">
              <value>
                <![CDATA[50]]>
              </value>
            </param>
            <param index="3">
              <value>
                <![CDATA[Nexus 7]]>
              </value>
            </param>
          </params>
          <reporter-output>
          </reporter-output>
        </test-method> <!-- beforeTestMethod -->
        <test-method signature="beforeTestMethod(int,int,int,java.lang.String)[pri:0, instance:texvalley_testcases.Screenshot_test@29e495ff]" started-at="2022-12-27T10:48:41 IST" name="beforeTestMethod" data-provider="mobileEmulation" finished-at="2022-12-27T10:50:29 IST" duration-ms="107543" status="PASS">
          <params>
            <param index="0">
              <value>
                <![CDATA[320]]>
              </value>
            </param>
            <param index="1">
              <value>
                <![CDATA[533]]>
              </value>
            </param>
            <param index="2">
              <value>
                <![CDATA[97]]>
              </value>
            </param>
            <param index="3">
              <value>
                <![CDATA[Nokia Lumia 520]]>
              </value>
            </param>
          </params>
          <reporter-output>
          </reporter-output>
        </test-method> <!-- beforeTestMethod -->
        <test-method signature="beforeTestMethod(int,int,int,java.lang.String)[pri:0, instance:texvalley_testcases.Screenshot_test@29e495ff]" started-at="2022-12-27T10:50:29 IST" name="beforeTestMethod" data-provider="mobileEmulation" finished-at="2022-12-27T10:52:13 IST" duration-ms="104214" status="PASS">
          <params>
            <param index="0">
              <value>
                <![CDATA[480]]>
              </value>
            </param>
            <param index="1">
              <value>
                <![CDATA[854]]>
              </value>
            </param>
            <param index="2">
              <value>
                <![CDATA[50]]>
              </value>
            </param>
            <param index="3">
              <value>
                <![CDATA[Nokia N9]]>
              </value>
            </param>
          </params>
          <reporter-output>
          </reporter-output>
        </test-method> <!-- beforeTestMethod -->
        <test-method signature="beforeTestMethod(int,int,int,java.lang.String)[pri:0, instance:texvalley_testcases.Screenshot_test@29e495ff]" started-at="2022-12-27T10:52:13 IST" name="beforeTestMethod" data-provider="mobileEmulation" finished-at="2022-12-27T10:54:06 IST" duration-ms="113556" status="PASS">
          <params>
            <param index="0">
              <value>
                <![CDATA[393]]>
              </value>
            </param>
            <param index="1">
              <value>
                <![CDATA[786]]>
              </value>
            </param>
            <param index="2">
              <value>
                <![CDATA[66]]>
              </value>
            </param>
            <param index="3">
              <value>
                <![CDATA[(393x786)]]>
              </value>
            </param>
          </params>
          <reporter-output>
          </reporter-output>
        </test-method> <!-- beforeTestMethod -->
        <test-method signature="beforeTestMethod(int,int,int,java.lang.String)[pri:0, instance:texvalley_testcases.Screenshot_test@29e495ff]" started-at="2022-12-27T10:54:07 IST" name="beforeTestMethod" data-provider="mobileEmulation" finished-at="2022-12-27T10:55:46 IST" duration-ms="99021" status="PASS">
          <params>
            <param index="0">
              <value>
                <![CDATA[353]]>
              </value>
            </param>
            <param index="1">
              <value>
                <![CDATA[745]]>
              </value>
            </param>
            <param index="2">
              <value>
                <![CDATA[70]]>
              </value>
            </param>
            <param index="3">
              <value>
                <![CDATA[Pixel 4]]>
              </value>
            </param>
          </params>
          <reporter-output>
          </reporter-output>
        </test-method> <!-- beforeTestMethod -->
        <test-method signature="beforeTestMethod(int,int,int,java.lang.String)[pri:0, instance:texvalley_testcases.Screenshot_test@29e495ff]" started-at="2022-12-27T10:55:46 IST" name="beforeTestMethod" data-provider="mobileEmulation" finished-at="2022-12-27T10:57:27 IST" duration-ms="101137" status="PASS">
          <params>
            <param index="0">
              <value>
                <![CDATA[393]]>
              </value>
            </param>
            <param index="1">
              <value>
                <![CDATA[851]]>
              </value>
            </param>
            <param index="2">
              <value>
                <![CDATA[61]]>
              </value>
            </param>
            <param index="3">
              <value>
                <![CDATA[Pixel 5]]>
              </value>
            </param>
          </params>
          <reporter-output>
          </reporter-output>
        </test-method> <!-- beforeTestMethod -->
        <test-method signature="beforeTestMethod(int,int,int,java.lang.String)[pri:0, instance:texvalley_testcases.Screenshot_test@29e495ff]" started-at="2022-12-27T10:57:27 IST" name="beforeTestMethod" data-provider="mobileEmulation" finished-at="2022-12-27T10:59:11 IST" duration-ms="103973" status="PASS">
          <params>
            <param index="0">
              <value>
                <![CDATA[912]]>
              </value>
            </param>
            <param index="1">
              <value>
                <![CDATA[1368]]>
              </value>
            </param>
            <param index="2">
              <value>
                <![CDATA[38]]>
              </value>
            </param>
            <param index="3">
              <value>
                <![CDATA[Surface Pro 7]]>
              </value>
            </param>
          </params>
          <reporter-output>
          </reporter-output>
        </test-method> <!-- beforeTestMethod -->
        <test-method signature="beforeTestMethod(int,int,int,java.lang.String)[pri:0, instance:texvalley_testcases.Screenshot_test@29e495ff]" started-at="2022-12-27T10:59:11 IST" name="beforeTestMethod" data-provider="mobileEmulation" finished-at="2022-12-27T11:00:57 IST" duration-ms="106755" status="PASS">
          <params>
            <param index="0">
              <value>
                <![CDATA[540]]>
              </value>
            </param>
            <param index="1">
              <value>
                <![CDATA[720]]>
              </value>
            </param>
            <param index="2">
              <value>
                <![CDATA[70]]>
              </value>
            </param>
            <param index="3">
              <value>
                <![CDATA[Surface Duo]]>
              </value>
            </param>
          </params>
          <reporter-output>
          </reporter-output>
        </test-method> <!-- beforeTestMethod -->
        <test-method signature="beforeTestMethod(int,int,int,java.lang.String)[pri:0, instance:texvalley_testcases.Screenshot_test@29e495ff]" started-at="2022-12-27T11:00:57 IST" name="beforeTestMethod" data-provider="mobileEmulation" finished-at="2022-12-27T11:02:48 IST" duration-ms="110775" status="PASS">
          <params>
            <param index="0">
              <value>
                <![CDATA[1024]]>
              </value>
            </param>
            <param index="1">
              <value>
                <![CDATA[600]]>
              </value>
            </param>
            <param index="2">
              <value>
                <![CDATA[50]]>
              </value>
            </param>
            <param index="3">
              <value>
                <![CDATA[Nest Hub]]>
              </value>
            </param>
          </params>
          <reporter-output>
          </reporter-output>
        </test-method> <!-- beforeTestMethod -->
        <test-method signature="beforeTestMethod(int,int,int,java.lang.String)[pri:0, instance:texvalley_testcases.Screenshot_test@29e495ff]" started-at="2022-12-27T11:02:48 IST" name="beforeTestMethod" data-provider="mobileEmulation" finished-at="2022-12-27T11:04:43 IST" duration-ms="114870" status="PASS">
          <params>
            <param index="0">
              <value>
                <![CDATA[1280]]>
              </value>
            </param>
            <param index="1">
              <value>
                <![CDATA[800]]>
              </value>
            </param>
            <param index="2">
              <value>
                <![CDATA[50]]>
              </value>
            </param>
            <param index="3">
              <value>
                <![CDATA[Nest Hub Max]]>
              </value>
            </param>
          </params>
          <reporter-output>
          </reporter-output>
        </test-method> <!-- beforeTestMethod -->
        <test-method signature="beforeTestMethod(int,int,int,java.lang.String)[pri:0, instance:texvalley_testcases.Screenshot_test@29e495ff]" started-at="2022-12-27T11:04:43 IST" name="beforeTestMethod" data-provider="mobileEmulation" finished-at="2022-12-27T11:06:36 IST" duration-ms="113398" status="PASS">
          <params>
            <param index="0">
              <value>
                <![CDATA[411]]>
              </value>
            </param>
            <param index="1">
              <value>
                <![CDATA[731]]>
              </value>
            </param>
            <param index="2">
              <value>
                <![CDATA[71]]>
              </value>
            </param>
            <param index="3">
              <value>
                <![CDATA[Pixel 2]]>
              </value>
            </param>
          </params>
          <reporter-output>
          </reporter-output>
        </test-method> <!-- beforeTestMethod -->
        <test-method signature="beforeTestMethod(int,int,int,java.lang.String)[pri:0, instance:texvalley_testcases.Screenshot_test@29e495ff]" started-at="2022-12-27T11:06:36 IST" name="beforeTestMethod" data-provider="mobileEmulation" finished-at="2022-12-27T11:08:25 IST" duration-ms="108144" status="PASS">
          <params>
            <param index="0">
              <value>
                <![CDATA[411]]>
              </value>
            </param>
            <param index="1">
              <value>
                <![CDATA[823]]>
              </value>
            </param>
            <param index="2">
              <value>
                <![CDATA[63]]>
              </value>
            </param>
            <param index="3">
              <value>
                <![CDATA[Pixel 2XL]]>
              </value>
            </param>
          </params>
          <reporter-output>
          </reporter-output>
        </test-method> <!-- beforeTestMethod -->
      </class> <!-- texvalley_testcases.Screenshot_test -->
    </test> <!-- Default test -->
  </suite> <!-- Default suite -->
</testng-results>
